{
  "stats": {
    "suites": 1,
    "tests": 1,
    "passes": 1,
    "pending": 0,
    "failures": 0,
    "start": "2024-05-23T20:18:19.117Z",
    "end": "2024-05-23T20:18:36.517Z",
    "duration": 17400,
    "testsRegistered": 1,
    "passPercent": 100,
    "pendingPercent": 0,
    "other": 0,
    "hasOther": false,
    "skipped": 0,
    "hasSkipped": false
  },
  "results": [
    {
      "uuid": "b04b6cfe-b906-4f04-8c46-f338a0421912",
      "title": "",
      "fullFile": "cypress\\e2e\\cartIntercept.cy.js",
      "file": "cypress\\e2e\\cartIntercept.cy.js",
      "beforeHooks": [],
      "afterHooks": [],
      "tests": [],
      "suites": [
        {
          "uuid": "36fc2503-414e-455e-bd1a-f94f4426966d",
          "title": "Teste de Listagem de Produtos",
          "fullFile": "",
          "file": "",
          "beforeHooks": [],
          "afterHooks": [],
          "tests": [
            {
              "title": "adicionar, remover e atualizar produtos fake no carrinho fake",
              "fullTitle": "Teste de Listagem de Produtos adicionar, remover e atualizar produtos fake no carrinho fake",
              "timedOut": null,
              "duration": 17300,
              "state": "passed",
              "speed": "slow",
              "pass": true,
              "fail": false,
              "pending": false,
              "context": null,
              "code": "cy.intercept(\"GET\", \"**/public/getCart?userId=663d7e277294efad05afd1f8\", {\n  fixture: \"cart.fake.json\"\n}).as(\"cartProducts\");\ncy.get('[style=\"background-color: rgb(242, 242, 242);\"] > :nth-child(1) > :nth-child(1) > :nth-child(1) > .r-1d5kdc7 > :nth-child(1) > :nth-child(1) > .r-13awgt0 > :nth-child(1) > .r-mh9cjk > .r-18u37iz > :nth-child(2) > .css-175oi2r > .css-146c3p1').should(\"have.text\", \"2\");\ncy.get('[style=\"background-color: rgb(242, 242, 242);\"] > :nth-child(1) > :nth-child(1) > :nth-child(1) > .r-1d5kdc7 > :nth-child(1) > :nth-child(1) > .r-13awgt0 > :nth-child(1) > .r-mh9cjk > .r-18u37iz > :nth-child(2) > .r-lrvibr').click();\ncy.get('[style=\"justify-content: space-between; flex-grow: 1;\"] > :nth-child(1) > :nth-child(3)');\ncy.get('[data-testid=\"remove\"]').first().click();\ncy.get('[href=\"/Tab/Home\"]').click();\ncy.get('[data-testid=\"home-popular-product-list\"] > [style=\"padding-right: 10px; padding-left: 10px;\"] > :nth-child(1) > [style=\"margin: 5px 7px; border-color: rgb(128, 128, 128); border-width: 0.5px; border-radius: 15px; width: 414px;\"] > [data-testid=\"productDetails\"] > .r-cqee49').click();\ncy.get('[data-testid=\"addToCart\"]').click();\ncy.intercept(\"GET\", \"**/public/getCart?userId=663d7e277294efad05afd1f8\", {\n  fixture: \"updatedCart.json\"\n}).as(\"updatedCart\");",
              "err": {},
              "uuid": "0ad9b6f3-a2a2-47ec-a3d9-c42306b39b00",
              "parentUUID": "36fc2503-414e-455e-bd1a-f94f4426966d",
              "isHook": false,
              "skipped": false
            }
          ],
          "suites": [],
          "passes": [
            "0ad9b6f3-a2a2-47ec-a3d9-c42306b39b00"
          ],
          "failures": [],
          "pending": [],
          "skipped": [],
          "duration": 17300,
          "root": false,
          "rootEmpty": false,
          "_timeout": 2000
        }
      ],
      "passes": [],
      "failures": [],
      "pending": [],
      "skipped": [],
      "duration": 0,
      "root": true,
      "rootEmpty": true,
      "_timeout": 2000
    }
  ],
  "meta": {
    "mocha": {
      "version": "7.0.1"
    },
    "mochawesome": {
      "options": {
        "quiet": false,
        "reportFilename": "[name]-result",
        "saveHtml": true,
        "saveJson": true,
        "consoleReporter": "spec",
        "useInlineDiffs": false,
        "code": true
      },
      "version": "7.1.3"
    },
    "marge": {
      "options": {
        "reportFilename": "[name]-result"
      },
      "version": "6.2.0"
    }
  }
}